{"session_id": "c7ad8d456314", "command": "free", "action": "block", "action_id": 1, "greedy": false, "q_values": [2.879413366317749, 2.804079055786133, 3.1470134258270264, 2.632207155227661, 2.8958466053009033]}
{"session_id": "c7ad8d456314", "command": "exit", "action": "allow", "action_id": 0, "greedy": false, "q_values": [1.7513469457626343, 1.635806679725647, 1.779313564300537, 1.6922223567962646, 1.699971079826355]}
{"session_id": "b9a49d25b492", "command": "ls -r", "action": "fake", "action_id": 3, "greedy": false, "q_values": [3.1115355491638184, 3.0982704162597656, 2.8342392444610596, 2.1196787357330322, 2.137131690979004]}
{"session_id": "b9a49d25b492", "command": "exit", "action": "block", "action_id": 1, "greedy": false, "q_values": [1.7513469457626343, 1.635806679725647, 1.779313564300537, 1.6922223567962646, 1.699971079826355]}
{"session_id": "7fa67f2341d0", "command": "df --all", "action": "insult", "action_id": 4, "greedy": true, "q_values": [2.9561927318573, 3.107999801635742, 3.082230806350708, 2.693551778793335, 3.165512800216675]}
{"session_id": "7fa67f2341d0", "command": "exit", "action": "delay", "action_id": 2, "greedy": true, "q_values": [1.7513469457626343, 1.635806679725647, 1.779313564300537, 1.6922223567962646, 1.699971079826355]}
{"session_id": "ffe73dc13c17", "command": "ls -r", "action": "fake", "action_id": 3, "greedy": false, "q_values": [3.1115355491638184, 3.0982704162597656, 2.8342392444610596, 2.1196787357330322, 2.137131690979004]}
{"session_id": "ffe73dc13c17", "command": "exit", "action": "fake", "action_id": 3, "greedy": false, "q_values": [1.7513469457626343, 1.635806679725647, 1.779313564300537, 1.6922223567962646, 1.699971079826355]}
{"session_id": "733984513fe5", "command": "wget http://example.com/file.txt -O file.txt", "action": "fake", "action_id": 3, "greedy": false, "q_values": [2.7957470417022705, 3.2170276641845703, 2.9227871894836426, 2.6890854835510254, 3.0196828842163086]}
{"session_id": "09397161bb4e", "command": "free", "action": "block", "action_id": 1, "greedy": false, "q_values": [2.879413366317749, 2.804079055786133, 3.1470134258270264, 2.632207155227661, 2.8958466053009033]}
{"session_id": "09397161bb4e", "command": "exit", "action": "insult", "action_id": 4, "greedy": false, "q_values": [1.7513469457626343, 1.635806679725647, 1.779313564300537, 1.6922223567962646, 1.699971079826355]}
{"session_id": "8efa5c5d9103", "command": "uname -a", "action": "delay", "action_id": 2, "greedy": false, "q_values": [2.586473226547241, 2.9652814865112305, 3.029845714569092, 2.6913397312164307, 2.767624616622925]}
{"session_id": "8efa5c5d9103", "command": "exit", "action": "delay", "action_id": 2, "greedy": false, "q_values": [1.7513469457626343, 1.635806679725647, 1.779313564300537, 1.6922223567962646, 1.699971079826355]}
{"session_id": "7c1ebe5ea6b3", "command": "ls -a", "action": "delay", "action_id": 2, "greedy": false, "q_values": [3.1115355491638184, 3.0982704162597656, 2.8342392444610596, 2.1196787357330322, 2.137131690979004]}
{"session_id": "7c1ebe5ea6b3", "command": "exit", "action": "insult", "action_id": 4, "greedy": false, "q_values": [1.7513469457626343, 1.635806679725647, 1.779313564300537, 1.6922223567962646, 1.699971079826355]}
{"session_id": "2752d7fd903a", "command": "ls", "action": "allow", "action_id": 0, "greedy": true, "q_values": [3.1115355491638184, 3.0982704162597656, 2.8342392444610596, 2.1196787357330322, 2.137131690979004]}
{"session_id": "2752d7fd903a", "command": "exit", "action": "insult", "action_id": 4, "greedy": false, "q_values": [1.7513469457626343, 1.635806679725647, 1.779313564300537, 1.6922223567962646, 1.699971079826355]}
{"session_id": "4f7c5964dc6f", "command": "ls -r", "action": "fake", "action_id": 3, "greedy": false, "q_values": [3.1115355491638184, 3.0982704162597656, 2.8342392444610596, 2.1196787357330322, 2.137131690979004]}
{"session_id": "4f7c5964dc6f", "command": "exit", "action": "fake", "action_id": 3, "greedy": false, "q_values": [1.7513469457626343, 1.635806679725647, 1.779313564300537, 1.6922223567962646, 1.699971079826355]}
{"session_id": "a218e8fbbeca", "command": "df", "action": "insult", "action_id": 4, "greedy": false, "q_values": [2.9561927318573, 3.107999801635742, 3.082230806350708, 2.693551778793335, 3.165512800216675]}
{"session_id": "a218e8fbbeca", "command": "exit", "action": "block", "action_id": 1, "greedy": false, "q_values": [1.7513469457626343, 1.635806679725647, 1.779313564300537, 1.6922223567962646, 1.699971079826355]}
{"session_id": "9a9fc65a6b69", "command": "cd /", "action": "allow", "action_id": 0, "greedy": false, "q_values": [2.823103904724121, 3.024502754211426, 3.2528183460235596, 2.2731337547302246, 2.9345526695251465]}
{"session_id": "9a9fc65a6b69", "command": "exit", "action": "allow", "action_id": 0, "greedy": false, "q_values": [1.7513469457626343, 1.635806679725647, 1.779313564300537, 1.6922223567962646, 1.699971079826355]}
{"session_id": "8379ed212c81", "command": "free -h", "action": "delay", "action_id": 2, "greedy": false, "q_values": [2.879413366317749, 2.804079055786133, 3.1470134258270264, 2.632207155227661, 2.8958466053009033]}
{"session_id": "8379ed212c81", "command": "exit", "action": "delay", "action_id": 2, "greedy": true, "q_values": [1.7513469457626343, 1.635806679725647, 1.779313564300537, 1.6922223567962646, 1.699971079826355]}
{"session_id": "3b9d350cc434", "command": "cd ~", "action": "delay", "action_id": 2, "greedy": false, "q_values": [2.823103904724121, 3.024502754211426, 3.2528183460235596, 2.2731337547302246, 2.9345526695251465]}
{"session_id": "3b9d350cc434", "command": "exit", "action": "block", "action_id": 1, "greedy": false, "q_values": [1.7513469457626343, 1.635806679725647, 1.779313564300537, 1.6922223567962646, 1.699971079826355]}
{"session_id": "4728c02a0e3a", "command": "uname", "action": "delay", "action_id": 2, "greedy": true, "q_values": [2.586473226547241, 2.9652814865112305, 3.029845714569092, 2.6913397312164307, 2.767624616622925]}
{"session_id": "4728c02a0e3a", "command": "exit", "action": "delay", "action_id": 2, "greedy": false, "q_values": [1.7513469457626343, 1.635806679725647, 1.779313564300537, 1.6922223567962646, 1.699971079826355]}
{"session_id": "71a6c6971cba", "command": "wget http://example.com/file.txt", "action": "delay", "action_id": 2, "greedy": false, "q_values": [2.7957470417022705, 3.2170276641845703, 2.9227871894836426, 2.6890854835510254, 3.0196828842163086]}
{"session_id": "449cff0facc2", "command": "piftrdf", "action": "allow", "action_id": 0, "greedy": false, "q_values": [1.6889891624450684, 1.7544841766357422, 1.976699948310852, 1.9563722610473633, 1.7201770544052124]}
{"session_id": "449cff0facc2", "command": "exit", "action": "delay", "action_id": 2, "greedy": true, "q_values": [1.7513469457626343, 1.635806679725647, 1.779313564300537, 1.6922223567962646, 1.699971079826355]}
{"session_id": "b71603b6ebaa", "command": "piftrdf", "action": "fake", "action_id": 3, "greedy": false, "q_values": [1.6889891624450684, 1.7544841766357422, 1.976699948310852, 1.9563722610473633, 1.7201770544052124]}
{"session_id": "b71603b6ebaa", "command": "exit", "action": "insult", "action_id": 4, "greedy": false, "q_values": [1.7513469457626343, 1.635806679725647, 1.779313564300537, 1.6922223567962646, 1.699971079826355]}
{"session_id": "2021e4d793c3", "command": "df -h", "action": "block", "action_id": 1, "greedy": false, "q_values": [2.9561927318573, 3.107999801635742, 3.082230806350708, 2.693551778793335, 3.165512800216675]}
{"session_id": "2021e4d793c3", "command": "exit", "action": "delay", "action_id": 2, "greedy": true, "q_values": [1.7513469457626343, 1.635806679725647, 1.779313564300537, 1.6922223567962646, 1.699971079826355]}
{"session_id": "dd2fa17072a3", "command": "uname -v", "action": "delay", "action_id": 2, "greedy": true, "q_values": [2.586473226547241, 2.9652814865112305, 3.029845714569092, 2.6913397312164307, 2.767624616622925]}
{"session_id": "dd2fa17072a3", "command": "exit", "action": "delay", "action_id": 2, "greedy": false, "q_values": [1.7513469457626343, 1.635806679725647, 1.779313564300537, 1.6922223567962646, 1.699971079826355]}
{"session_id": "bb187f171813", "command": "df", "action": "insult", "action_id": 4, "greedy": true, "q_values": [2.9561927318573, 3.107999801635742, 3.082230806350708, 2.693551778793335, 3.165512800216675]}
{"session_id": "bb187f171813", "command": "exit", "action": "block", "action_id": 1, "greedy": false, "q_values": [1.7513469457626343, 1.635806679725647, 1.779313564300537, 1.6922223567962646, 1.699971079826355]}
{"session_id": "126e5ed44e89", "command": "cd /", "action": "block", "action_id": 1, "greedy": false, "q_values": [2.823103904724121, 3.024502754211426, 3.2528183460235596, 2.2731337547302246, 2.9345526695251465]}
{"session_id": "126e5ed44e89", "command": "exit", "action": "delay", "action_id": 2, "greedy": false, "q_values": [1.7513469457626343, 1.635806679725647, 1.779313564300537, 1.6922223567962646, 1.699971079826355]}
{"session_id": "7cc986d035e2", "command": "unme -a", "action": "delay", "action_id": 2, "greedy": false, "q_values": [1.6889891624450684, 1.7544841766357422, 1.976699948310852, 1.9563722610473633, 1.7201770544052124]}
{"session_id": "7cc986d035e2", "command": "exit", "action": "allow", "action_id": 0, "greedy": false, "q_values": [1.7513469457626343, 1.635806679725647, 1.779313564300537, 1.6922223567962646, 1.699971079826355]}
{"session_id": "728fb5b164c5", "command": "free --kilo", "action": "delay", "action_id": 2, "greedy": true, "q_values": [2.879413366317749, 2.804079055786133, 3.1470134258270264, 2.632207155227661, 2.8958466053009033]}
{"session_id": "728fb5b164c5", "command": "exit", "action": "allow", "action_id": 0, "greedy": false, "q_values": [1.7513469457626343, 1.635806679725647, 1.779313564300537, 1.6922223567962646, 1.699971079826355]}
{"session_id": "d40494495f0f", "command": "df", "action": "insult", "action_id": 4, "greedy": true, "q_values": [2.9561927318573, 3.107999801635742, 3.082230806350708, 2.693551778793335, 3.165512800216675]}
{"session_id": "d40494495f0f", "command": "exit", "action": "delay", "action_id": 2, "greedy": false, "q_values": [1.7513469457626343, 1.635806679725647, 1.779313564300537, 1.6922223567962646, 1.699971079826355]}
{"session_id": "84ca6303804a", "command": "free --help", "action": "delay", "action_id": 2, "greedy": false, "q_values": [2.879413366317749, 2.804079055786133, 3.1470134258270264, 2.632207155227661, 2.8958466053009033]}
{"session_id": "84ca6303804a", "command": "exit", "action": "allow", "action_id": 0, "greedy": false, "q_values": [1.7513469457626343, 1.635806679725647, 1.779313564300537, 1.6922223567962646, 1.699971079826355]}
{"session_id": "3b787702e2ec", "command": "df", "action": "fake", "action_id": 3, "greedy": false, "q_values": [2.9561927318573, 3.107999801635742, 3.082230806350708, 2.693551778793335, 3.165512800216675]}
{"session_id": "3b787702e2ec", "command": "exit", "action": "block", "action_id": 1, "greedy": false, "q_values": [1.7513469457626343, 1.635806679725647, 1.779313564300537, 1.6922223567962646, 1.699971079826355]}
{"session_id": "518e7c3a1f57", "command": "ls -a", "action": "insult", "action_id": 4, "greedy": false, "q_values": [3.1115355491638184, 3.0982704162597656, 2.8342392444610596, 2.1196787357330322, 2.137131690979004]}
{"session_id": "518e7c3a1f57", "command": "exit", "action": "fake", "action_id": 3, "greedy": false, "q_values": [1.7513469457626343, 1.635806679725647, 1.779313564300537, 1.6922223567962646, 1.699971079826355]}
{"session_id": "24d9d90c9cb8", "command": "free --help", "action": "delay", "action_id": 2, "greedy": true, "q_values": [2.879413366317749, 2.804079055786133, 3.1470134258270264, 2.632207155227661, 2.8958466053009033]}
{"session_id": "24d9d90c9cb8", "command": "exit", "action": "insult", "action_id": 4, "greedy": false, "q_values": [1.7513469457626343, 1.635806679725647, 1.779313564300537, 1.6922223567962646, 1.699971079826355]}
{"session_id": "5f83e0983f0a", "command": "cd ~", "action": "delay", "action_id": 2, "greedy": true, "q_values": [2.823103904724121, 3.024502754211426, 3.2528183460235596, 2.2731337547302246, 2.9345526695251465]}
{"session_id": "1cfa79f3180b", "command": "free", "action": "allow", "action_id": 0, "greedy": false, "q_values": [2.879413366317749, 2.804079055786133, 3.1470134258270264, 2.632207155227661, 2.8958466053009033]}
{"session_id": "1cfa79f3180b", "command": "exit", "action": "insult", "action_id": 4, "greedy": false, "q_values": [1.7513469457626343, 1.635806679725647, 1.779313564300537, 1.6922223567962646, 1.699971079826355]}
{"session_id": "a71e2606cfe0", "command": "ls -r", "action": "block", "action_id": 1, "greedy": false, "q_values": [3.1115355491638184, 3.0982704162597656, 2.8342392444610596, 2.1196787357330322, 2.137131690979004]}
{"session_id": "a71e2606cfe0", "command": "exit", "action": "insult", "action_id": 4, "greedy": false, "q_values": [1.7513469457626343, 1.635806679725647, 1.779313564300537, 1.6922223567962646, 1.699971079826355]}
{"session_id": "3d65319c3653", "command": "df --all", "action": "delay", "action_id": 2, "greedy": false, "q_values": [2.9561927318573, 3.107999801635742, 3.082230806350708, 2.693551778793335, 3.165512800216675]}
{"session_id": "3d65319c3653", "command": "exit", "action": "delay", "action_id": 2, "greedy": true, "q_values": [1.7513469457626343, 1.635806679725647, 1.779313564300537, 1.6922223567962646, 1.699971079826355]}
{"session_id": "1e264156f4e0", "command": "ls -r", "action": "insult", "action_id": 4, "greedy": false, "q_values": [3.1115355491638184, 3.0982704162597656, 2.8342392444610596, 2.1196787357330322, 2.137131690979004]}
{"session_id": "1e264156f4e0", "command": "exit", "action": "allow", "action_id": 0, "greedy": false, "q_values": [1.7513469457626343, 1.635806679725647, 1.779313564300537, 1.6922223567962646, 1.699971079826355]}
{"session_id": "1bcc43d80944", "command": "wget http://example.com/file.txt -O file.txt", "action": "block", "action_id": 1, "greedy": true, "q_values": [2.7957470417022705, 3.2170276641845703, 2.9227871894836426, 2.6890854835510254, 3.0196828842163086]}
{"session_id": "17d67d958370", "command": "free", "action": "delay", "action_id": 2, "greedy": true, "q_values": [2.879413366317749, 2.804079055786133, 3.1470134258270264, 2.632207155227661, 2.8958466053009033]}
{"session_id": "17d67d958370", "command": "exit", "action": "block", "action_id": 1, "greedy": false, "q_values": [1.7513469457626343, 1.635806679725647, 1.779313564300537, 1.6922223567962646, 1.699971079826355]}
{"session_id": "abac462b6325", "command": "uname -a", "action": "fake", "action_id": 3, "greedy": false, "q_values": [2.586473226547241, 2.9652814865112305, 3.029845714569092, 2.6913397312164307, 2.767624616622925]}
{"session_id": "abac462b6325", "command": "exit", "action": "delay", "action_id": 2, "greedy": true, "q_values": [1.7513469457626343, 1.635806679725647, 1.779313564300537, 1.6922223567962646, 1.699971079826355]}
{"session_id": "d504ad76ca81", "command": "ls -a", "action": "delay", "action_id": 2, "greedy": false, "q_values": [3.1115355491638184, 3.0982704162597656, 2.8342392444610596, 2.1196787357330322, 2.137131690979004]}
{"session_id": "d504ad76ca81", "command": "exit", "action": "delay", "action_id": 2, "greedy": true, "q_values": [1.7513469457626343, 1.635806679725647, 1.779313564300537, 1.6922223567962646, 1.699971079826355]}
{"session_id": "1d250d4f18ec", "command": "ls", "action": "insult", "action_id": 4, "greedy": false, "q_values": [3.1115355491638184, 3.0982704162597656, 2.8342392444610596, 2.1196787357330322, 2.137131690979004]}
{"session_id": "1d250d4f18ec", "command": "exit", "action": "insult", "action_id": 4, "greedy": false, "q_values": [1.7513469457626343, 1.635806679725647, 1.779313564300537, 1.6922223567962646, 1.699971079826355]}
{"session_id": "f617f94932ae", "command": "ls -r", "action": "allow", "action_id": 0, "greedy": false, "q_values": [3.1115355491638184, 3.0982704162597656, 2.8342392444610596, 2.1196787357330322, 2.137131690979004]}
{"session_id": "f617f94932ae", "command": "exit", "action": "fake", "action_id": 3, "greedy": false, "q_values": [1.7513469457626343, 1.635806679725647, 1.779313564300537, 1.6922223567962646, 1.699971079826355]}
{"session_id": "5203be88c44c", "command": "df", "action": "fake", "action_id": 3, "greedy": false, "q_values": [2.9561927318573, 3.107999801635742, 3.082230806350708, 2.693551778793335, 3.165512800216675]}
{"session_id": "5203be88c44c", "command": "exit", "action": "fake", "action_id": 3, "greedy": false, "q_values": [1.7513469457626343, 1.635806679725647, 1.779313564300537, 1.6922223567962646, 1.699971079826355]}
{"session_id": "95ec231a2b63", "command": "cd /", "action": "delay", "action_id": 2, "greedy": true, "q_values": [2.823103904724121, 3.024502754211426, 3.2528183460235596, 2.2731337547302246, 2.9345526695251465]}
{"session_id": "95ec231a2b63", "command": "exit", "action": "fake", "action_id": 3, "greedy": false, "q_values": [1.7513469457626343, 1.635806679725647, 1.779313564300537, 1.6922223567962646, 1.699971079826355]}
{"session_id": "1f57e9db4784", "command": "free", "action": "delay", "action_id": 2, "greedy": false, "q_values": [2.879413366317749, 2.804079055786133, 3.1470134258270264, 2.632207155227661, 2.8958466053009033]}
{"session_id": "1f57e9db4784", "command": "exit", "action": "block", "action_id": 1, "greedy": false, "q_values": [1.7513469457626343, 1.635806679725647, 1.779313564300537, 1.6922223567962646, 1.699971079826355]}
{"session_id": "df4ec20e1c39", "command": "ls -r", "action": "delay", "action_id": 2, "greedy": false, "q_values": [3.1115355491638184, 3.0982704162597656, 2.8342392444610596, 2.1196787357330322, 2.137131690979004]}
{"session_id": "df4ec20e1c39", "command": "exit", "action": "delay", "action_id": 2, "greedy": false, "q_values": [1.7513469457626343, 1.635806679725647, 1.779313564300537, 1.6922223567962646, 1.699971079826355]}
{"session_id": "d9a3a2d5a0de", "command": "df --all", "action": "insult", "action_id": 4, "greedy": true, "q_values": [2.9561927318573, 3.107999801635742, 3.082230806350708, 2.693551778793335, 3.165512800216675]}
{"session_id": "d9a3a2d5a0de", "command": "exit", "action": "delay", "action_id": 2, "greedy": true, "q_values": [1.7513469457626343, 1.635806679725647, 1.779313564300537, 1.6922223567962646, 1.699971079826355]}
{"session_id": "614d41be7b95", "command": "ls -r", "action": "block", "action_id": 1, "greedy": false, "q_values": [3.1115355491638184, 3.0982704162597656, 2.8342392444610596, 2.1196787357330322, 2.137131690979004]}
{"session_id": "614d41be7b95", "command": "exit", "action": "allow", "action_id": 0, "greedy": false, "q_values": [1.7513469457626343, 1.635806679725647, 1.779313564300537, 1.6922223567962646, 1.699971079826355]}
{"session_id": "2f12bf3678b8", "command": "wget http://example.com/file.txt -O file.txt", "action": "delay", "action_id": 2, "greedy": false, "q_values": [2.7957470417022705, 3.2170276641845703, 2.9227871894836426, 2.6890854835510254, 3.0196828842163086]}
{"session_id": "2f12bf3678b8", "command": "exit", "action": "delay", "action_id": 2, "greedy": true, "q_values": [1.7513469457626343, 1.635806679725647, 1.779313564300537, 1.6922223567962646, 1.699971079826355]}
{"session_id": "ca7b381a3ffe", "command": "free", "action": "block", "action_id": 1, "greedy": false, "q_values": [2.879413366317749, 2.804079055786133, 3.1470134258270264, 2.632207155227661, 2.8958466053009033]}
{"session_id": "ca7b381a3ffe", "command": "exit", "action": "block", "action_id": 1, "greedy": false, "q_values": [1.7513469457626343, 1.635806679725647, 1.779313564300537, 1.6922223567962646, 1.699971079826355]}
{"session_id": "3b67c1cd0914", "command": "uname -a", "action": "delay", "action_id": 2, "greedy": true, "q_values": [2.586473226547241, 2.9652814865112305, 3.029845714569092, 2.6913397312164307, 2.767624616622925]}
{"session_id": "3b67c1cd0914", "command": "exit", "action": "fake", "action_id": 3, "greedy": false, "q_values": [1.7513469457626343, 1.635806679725647, 1.779313564300537, 1.6922223567962646, 1.699971079826355]}
{"session_id": "6cc1f94227cb", "command": "ls -a", "action": "allow", "action_id": 0, "greedy": false, "q_values": [3.1115355491638184, 3.0982704162597656, 2.8342392444610596, 2.1196787357330322, 2.137131690979004]}
{"session_id": "6cc1f94227cb", "command": "exit", "action": "block", "action_id": 1, "greedy": false, "q_values": [1.7513469457626343, 1.635806679725647, 1.779313564300537, 1.6922223567962646, 1.699971079826355]}
{"session_id": "adfb064512bc", "command": "ls", "action": "allow", "action_id": 0, "greedy": true, "q_values": [3.1115355491638184, 3.0982704162597656, 2.8342392444610596, 2.1196787357330322, 2.137131690979004]}
{"session_id": "adfb064512bc", "command": "exit", "action": "block", "action_id": 1, "greedy": false, "q_values": [1.7513469457626343, 1.635806679725647, 1.779313564300537, 1.6922223567962646, 1.699971079826355]}
{"session_id": "2c057d06f702", "command": "ls -r", "action": "allow", "action_id": 0, "greedy": true, "q_values": [3.1115355491638184, 3.0982704162597656, 2.8342392444610596, 2.1196787357330322, 2.137131690979004]}
{"session_id": "2c057d06f702", "command": "exit", "action": "delay", "action_id": 2, "greedy": true, "q_values": [1.7513469457626343, 1.635806679725647, 1.779313564300537, 1.6922223567962646, 1.699971079826355]}
{"session_id": "1f9767476753", "command": "df", "action": "allow", "action_id": 0, "greedy": false, "q_values": [2.9561927318573, 3.107999801635742, 3.082230806350708, 2.693551778793335, 3.165512800216675]}
{"session_id": "1f9767476753", "command": "exit", "action": "block", "action_id": 1, "greedy": false, "q_values": [1.7513469457626343, 1.635806679725647, 1.779313564300537, 1.6922223567962646, 1.699971079826355]}
{"session_id": "d9c6b7eb5d9f", "command": "cd /", "action": "allow", "action_id": 0, "greedy": false, "q_values": [2.823103904724121, 3.024502754211426, 3.2528183460235596, 2.2731337547302246, 2.9345526695251465]}
{"session_id": "d9c6b7eb5d9f", "command": "exit", "action": "delay", "action_id": 2, "greedy": false, "q_values": [1.7513469457626343, 1.635806679725647, 1.779313564300537, 1.6922223567962646, 1.699971079826355]}
{"session_id": "b7ae9f754738", "command": "free -h", "action": "delay", "action_id": 2, "greedy": true, "q_values": [2.879413366317749, 2.804079055786133, 3.1470134258270264, 2.632207155227661, 2.8958466053009033]}
{"session_id": "b7ae9f754738", "command": "exit", "action": "insult", "action_id": 4, "greedy": false, "q_values": [1.7513469457626343, 1.635806679725647, 1.779313564300537, 1.6922223567962646, 1.699971079826355]}
{"session_id": "a7898abc8734", "command": "cd ~", "action": "fake", "action_id": 3, "greedy": false, "q_values": [2.823103904724121, 3.024502754211426, 3.2528183460235596, 2.2731337547302246, 2.9345526695251465]}
{"session_id": "a7898abc8734", "command": "exit", "action": "delay", "action_id": 2, "greedy": false, "q_values": [1.7513469457626343, 1.635806679725647, 1.779313564300537, 1.6922223567962646, 1.699971079826355]}
{"session_id": "b64f52e0e62b", "command": "uname", "action": "delay", "action_id": 2, "greedy": true, "q_values": [2.586473226547241, 2.9652814865112305, 3.029845714569092, 2.6913397312164307, 2.767624616622925]}
{"session_id": "b64f52e0e62b", "command": "exit", "action": "delay", "action_id": 2, "greedy": true, "q_values": [1.7513469457626343, 1.635806679725647, 1.779313564300537, 1.6922223567962646, 1.699971079826355]}
{"session_id": "d62c4ad8d97e", "command": "wget http://example.com/file.txt", "action": "block", "action_id": 1, "greedy": false, "q_values": [2.7957470417022705, 3.2170276641845703, 2.9227871894836426, 2.6890854835510254, 3.0196828842163086]}
{"session_id": "ba90ad76451d", "command": "piftrdf", "action": "delay", "action_id": 2, "greedy": true, "q_values": [1.6889891624450684, 1.7544841766357422, 1.976699948310852, 1.9563722610473633, 1.7201770544052124]}
{"session_id": "ba90ad76451d", "command": "exit", "action": "insult", "action_id": 4, "greedy": false, "q_values": [1.7513469457626343, 1.635806679725647, 1.779313564300537, 1.6922223567962646, 1.699971079826355]}
{"session_id": "7f76640fcded", "command": "piftrdf", "action": "block", "action_id": 1, "greedy": false, "q_values": [1.6889891624450684, 1.7544841766357422, 1.976699948310852, 1.9563722610473633, 1.7201770544052124]}
{"session_id": "7f76640fcded", "command": "exit", "action": "fake", "action_id": 3, "greedy": false, "q_values": [1.7513469457626343, 1.635806679725647, 1.779313564300537, 1.6922223567962646, 1.699971079826355]}
{"session_id": "5451c9d0fc27", "command": "df -h", "action": "delay", "action_id": 2, "greedy": false, "q_values": [2.9561927318573, 3.107999801635742, 3.082230806350708, 2.693551778793335, 3.165512800216675]}
{"session_id": "5451c9d0fc27", "command": "exit", "action": "block", "action_id": 1, "greedy": false, "q_values": [1.7513469457626343, 1.635806679725647, 1.779313564300537, 1.6922223567962646, 1.699971079826355]}
{"session_id": "d2eda1debab4", "command": "uname -v", "action": "delay", "action_id": 2, "greedy": false, "q_values": [2.586473226547241, 2.9652814865112305, 3.029845714569092, 2.6913397312164307, 2.767624616622925]}
{"session_id": "d2eda1debab4", "command": "exit", "action": "allow", "action_id": 0, "greedy": false, "q_values": [1.7513469457626343, 1.635806679725647, 1.779313564300537, 1.6922223567962646, 1.699971079826355]}
{"session_id": "3cae3879167d", "command": "df", "action": "fake", "action_id": 3, "greedy": false, "q_values": [2.9561927318573, 3.107999801635742, 3.082230806350708, 2.693551778793335, 3.165512800216675]}
{"session_id": "3cae3879167d", "command": "exit", "action": "delay", "action_id": 2, "greedy": false, "q_values": [1.7513469457626343, 1.635806679725647, 1.779313564300537, 1.6922223567962646, 1.699971079826355]}
{"session_id": "1e9de8be7d2b", "command": "cd /", "action": "fake", "action_id": 3, "greedy": false, "q_values": [2.823103904724121, 3.024502754211426, 3.2528183460235596, 2.2731337547302246, 2.9345526695251465]}
{"session_id": "1e9de8be7d2b", "command": "exit", "action": "delay", "action_id": 2, "greedy": true, "q_values": [1.7513469457626343, 1.635806679725647, 1.779313564300537, 1.6922223567962646, 1.699971079826355]}
{"session_id": "9218489a3f4e", "command": "unme -a", "action": "fake", "action_id": 3, "greedy": false, "q_values": [1.6889891624450684, 1.7544841766357422, 1.976699948310852, 1.9563722610473633, 1.7201770544052124]}
{"session_id": "9218489a3f4e", "command": "exit", "action": "allow", "action_id": 0, "greedy": false, "q_values": [1.7513469457626343, 1.635806679725647, 1.779313564300537, 1.6922223567962646, 1.699971079826355]}
{"session_id": "9d596f9a6f8d", "command": "free --kilo", "action": "block", "action_id": 1, "greedy": false, "q_values": [2.879413366317749, 2.804079055786133, 3.1470134258270264, 2.632207155227661, 2.8958466053009033]}
{"session_id": "9d596f9a6f8d", "command": "exit", "action": "delay", "action_id": 2, "greedy": true, "q_values": [1.7513469457626343, 1.635806679725647, 1.779313564300537, 1.6922223567962646, 1.699971079826355]}
{"session_id": "8893b0ad7770", "command": "df", "action": "delay", "action_id": 2, "greedy": false, "q_values": [2.9561927318573, 3.107999801635742, 3.082230806350708, 2.693551778793335, 3.165512800216675]}
{"session_id": "8893b0ad7770", "command": "exit", "action": "allow", "action_id": 0, "greedy": false, "q_values": [1.7513469457626343, 1.635806679725647, 1.779313564300537, 1.6922223567962646, 1.699971079826355]}
{"session_id": "b48392d96d18", "command": "free --help", "action": "allow", "action_id": 0, "greedy": false, "q_values": [2.879413366317749, 2.804079055786133, 3.1470134258270264, 2.632207155227661, 2.8958466053009033]}
{"session_id": "b48392d96d18", "command": "exit", "action": "delay", "action_id": 2, "greedy": true, "q_values": [1.7513469457626343, 1.635806679725647, 1.779313564300537, 1.6922223567962646, 1.699971079826355]}
{"session_id": "de298e55373b", "command": "df", "action": "block", "action_id": 1, "greedy": false, "q_values": [2.9561927318573, 3.107999801635742, 3.082230806350708, 2.693551778793335, 3.165512800216675]}
{"session_id": "de298e55373b", "command": "exit", "action": "delay", "action_id": 2, "greedy": false, "q_values": [1.7513469457626343, 1.635806679725647, 1.779313564300537, 1.6922223567962646, 1.699971079826355]}
{"session_id": "0d71fe60b9ed", "command": "ls -a", "action": "allow", "action_id": 0, "greedy": true, "q_values": [3.1115355491638184, 3.0982704162597656, 2.8342392444610596, 2.1196787357330322, 2.137131690979004]}
{"session_id": "0d71fe60b9ed", "command": "exit", "action": "insult", "action_id": 4, "greedy": false, "q_values": [1.7513469457626343, 1.635806679725647, 1.779313564300537, 1.6922223567962646, 1.699971079826355]}
{"session_id": "994b9d40b48e", "command": "free --help", "action": "allow", "action_id": 0, "greedy": false, "q_values": [2.879413366317749, 2.804079055786133, 3.1470134258270264, 2.632207155227661, 2.8958466053009033]}
{"session_id": "994b9d40b48e", "command": "exit", "action": "allow", "action_id": 0, "greedy": false, "q_values": [1.7513469457626343, 1.635806679725647, 1.779313564300537, 1.6922223567962646, 1.699971079826355]}
{"session_id": "9ea71a23b3ca", "command": "cd ~", "action": "allow", "action_id": 0, "greedy": false, "q_values": [2.823103904724121, 3.024502754211426, 3.2528183460235596, 2.2731337547302246, 2.9345526695251465]}
{"session_id": "9ea71a23b3ca", "command": "exit", "action": "delay", "action_id": 2, "greedy": true, "q_values": [1.7513469457626343, 1.635806679725647, 1.779313564300537, 1.6922223567962646, 1.699971079826355]}
{"session_id": "7744bdc8d068", "command": "wget http://example.com/file.txt", "action": "fake", "action_id": 3, "greedy": false, "q_values": [2.7957470417022705, 3.2170276641845703, 2.9227871894836426, 2.6890854835510254, 3.0196828842163086]}
{"session_id": "365b2b2a3364", "command": "wget http://example.com/file.txt", "action": "block", "action_id": 1, "greedy": true, "q_values": [2.7957470417022705, 3.2170276641845703, 2.9227871894836426, 2.6890854835510254, 3.0196828842163086]}
{"session_id": "10933704d8d5", "command": "free --kilo", "action": "allow", "action_id": 0, "greedy": false, "q_values": [2.879413366317749, 2.804079055786133, 3.1470134258270264, 2.632207155227661, 2.8958466053009033]}
{"session_id": "10933704d8d5", "command": "exit", "action": "insult", "action_id": 4, "greedy": false, "q_values": [1.7513469457626343, 1.635806679725647, 1.779313564300537, 1.6922223567962646, 1.699971079826355]}
{"session_id": "f8bf4595667a", "command": "uname -v", "action": "delay", "action_id": 2, "greedy": true, "q_values": [2.586473226547241, 2.9652814865112305, 3.029845714569092, 2.6913397312164307, 2.767624616622925]}
{"session_id": "f8bf4595667a", "command": "exit", "action": "insult", "action_id": 4, "greedy": false, "q_values": [1.7513469457626343, 1.635806679725647, 1.779313564300537, 1.6922223567962646, 1.699971079826355]}
{"session_id": "5db94a20c686", "command": "fre", "action": "delay", "action_id": 2, "greedy": false, "q_values": [1.6889891624450684, 1.7544841766357422, 1.976699948310852, 1.9563722610473633, 1.7201770544052124]}
{"session_id": "5db94a20c686", "command": "exit", "action": "delay", "action_id": 2, "greedy": false, "q_values": [1.7513469457626343, 1.635806679725647, 1.779313564300537, 1.6922223567962646, 1.699971079826355]}
{"session_id": "10d07d672b24", "command": "wget http://example.com/file.txt", "action": "block", "action_id": 1, "greedy": true, "q_values": [2.7957470417022705, 3.2170276641845703, 2.9227871894836426, 2.6890854835510254, 3.0196828842163086]}
{"session_id": "10d07d672b24", "command": "exit", "action": "block", "action_id": 1, "greedy": false, "q_values": [1.7513469457626343, 1.635806679725647, 1.779313564300537, 1.6922223567962646, 1.699971079826355]}
{"session_id": "8ec46e571210", "command": "wget http://example.com/file.txt", "action": "delay", "action_id": 2, "greedy": false, "q_values": [2.7957470417022705, 3.2170276641845703, 2.9227871894836426, 2.6890854835510254, 3.0196828842163086]}
{"session_id": "f3a18b59b665", "command": "free", "action": "fake", "action_id": 3, "greedy": false, "q_values": [2.879413366317749, 2.804079055786133, 3.1470134258270264, 2.632207155227661, 2.8958466053009033]}
{"session_id": "cec9a2276a30", "command": "free", "action": "insult", "action_id": 4, "greedy": false, "q_values": [2.879413366317749, 2.804079055786133, 3.1470134258270264, 2.632207155227661, 2.8958466053009033]}
{"session_id": "cec9a2276a30", "command": "exit", "action": "block", "action_id": 1, "greedy": false, "q_values": [1.7513469457626343, 1.635806679725647, 1.779313564300537, 1.6922223567962646, 1.699971079826355]}
{"session_id": "98d0b19025e3", "command": "ls -r", "action": "allow", "action_id": 0, "greedy": true, "q_values": [3.1115355491638184, 3.0982704162597656, 2.8342392444610596, 2.1196787357330322, 2.137131690979004]}
{"session_id": "98d0b19025e3", "command": "exit", "action": "fake", "action_id": 3, "greedy": false, "q_values": [1.7513469457626343, 1.635806679725647, 1.779313564300537, 1.6922223567962646, 1.699971079826355]}
{"session_id": "8e1cae94163a", "command": "df --all", "action": "fake", "action_id": 3, "greedy": false, "q_values": [2.9561927318573, 3.107999801635742, 3.082230806350708, 2.693551778793335, 3.165512800216675]}
{"session_id": "8e1cae94163a", "command": "exit", "action": "block", "action_id": 1, "greedy": false, "q_values": [1.7513469457626343, 1.635806679725647, 1.779313564300537, 1.6922223567962646, 1.699971079826355]}
{"session_id": "a507149978dc", "command": "ls -r", "action": "block", "action_id": 1, "greedy": false, "q_values": [3.1115355491638184, 3.0982704162597656, 2.8342392444610596, 2.1196787357330322, 2.137131690979004]}
{"session_id": "a507149978dc", "command": "exit", "action": "fake", "action_id": 3, "greedy": false, "q_values": [1.7513469457626343, 1.635806679725647, 1.779313564300537, 1.6922223567962646, 1.699971079826355]}
{"session_id": "2d3cbbf9c5f6", "command": "wget http://example.com/file.txt -O file.txt", "action": "block", "action_id": 1, "greedy": false, "q_values": [2.7957470417022705, 3.2170276641845703, 2.9227871894836426, 2.6890854835510254, 3.0196828842163086]}
{"session_id": "a5b95d7f0756", "command": "free", "action": "delay", "action_id": 2, "greedy": true, "q_values": [2.879413366317749, 2.804079055786133, 3.1470134258270264, 2.632207155227661, 2.8958466053009033]}
{"session_id": "a5b95d7f0756", "command": "exit", "action": "delay", "action_id": 2, "greedy": false, "q_values": [1.7513469457626343, 1.635806679725647, 1.779313564300537, 1.6922223567962646, 1.699971079826355]}
{"session_id": "186d0d3bd846", "command": "uname -a", "action": "insult", "action_id": 4, "greedy": false, "q_values": [2.586473226547241, 2.9652814865112305, 3.029845714569092, 2.6913397312164307, 2.767624616622925]}
{"session_id": "186d0d3bd846", "command": "exit", "action": "block", "action_id": 1, "greedy": false, "q_values": [1.7513469457626343, 1.635806679725647, 1.779313564300537, 1.6922223567962646, 1.699971079826355]}
{"session_id": "88b3e93bb622", "command": "ls -a", "action": "allow", "action_id": 0, "greedy": true, "q_values": [3.1115355491638184, 3.0982704162597656, 2.8342392444610596, 2.1196787357330322, 2.137131690979004]}
{"session_id": "88b3e93bb622", "command": "exit", "action": "delay", "action_id": 2, "greedy": false, "q_values": [1.7513469457626343, 1.635806679725647, 1.779313564300537, 1.6922223567962646, 1.699971079826355]}
{"session_id": "0b51505d5157", "command": "ls", "action": "allow", "action_id": 0, "greedy": true, "q_values": [3.1115355491638184, 3.0982704162597656, 2.8342392444610596, 2.1196787357330322, 2.137131690979004]}
{"session_id": "0b51505d5157", "command": "exit", "action": "fake", "action_id": 3, "greedy": false, "q_values": [1.7513469457626343, 1.635806679725647, 1.779313564300537, 1.6922223567962646, 1.699971079826355]}
{"session_id": "60692bf66c3e", "command": "ls -r", "action": "fake", "action_id": 3, "greedy": false, "q_values": [3.1115355491638184, 3.0982704162597656, 2.8342392444610596, 2.1196787357330322, 2.137131690979004]}
{"session_id": "60692bf66c3e", "command": "exit", "action": "allow", "action_id": 0, "greedy": false, "q_values": [1.7513469457626343, 1.635806679725647, 1.779313564300537, 1.6922223567962646, 1.699971079826355]}
{"session_id": "e93271a0ee6e", "command": "df", "action": "block", "action_id": 1, "greedy": false, "q_values": [2.9561927318573, 3.107999801635742, 3.082230806350708, 2.693551778793335, 3.165512800216675]}
{"session_id": "e93271a0ee6e", "command": "exit", "action": "allow", "action_id": 0, "greedy": false, "q_values": [1.7513469457626343, 1.635806679725647, 1.779313564300537, 1.6922223567962646, 1.699971079826355]}
{"session_id": "69b6b6705fa1", "command": "cd /", "action": "insult", "action_id": 4, "greedy": false, "q_values": [2.823103904724121, 3.024502754211426, 3.2528183460235596, 2.2731337547302246, 2.9345526695251465]}
{"session_id": "69b6b6705fa1", "command": "exit", "action": "delay", "action_id": 2, "greedy": true, "q_values": [1.7513469457626343, 1.635806679725647, 1.779313564300537, 1.6922223567962646, 1.699971079826355]}
{"session_id": "13ead666c372", "command": "free -h", "action": "delay", "action_id": 2, "greedy": false, "q_values": [2.879413366317749, 2.804079055786133, 3.1470134258270264, 2.632207155227661, 2.8958466053009033]}
{"session_id": "13ead666c372", "command": "exit", "action": "fake", "action_id": 3, "greedy": false, "q_values": [1.7513469457626343, 1.635806679725647, 1.779313564300537, 1.6922223567962646, 1.699971079826355]}
{"session_id": "52bfa93d1206", "command": "cd ~", "action": "delay", "action_id": 2, "greedy": true, "q_values": [2.823103904724121, 3.024502754211426, 3.2528183460235596, 2.2731337547302246, 2.9345526695251465]}
{"session_id": "52bfa93d1206", "command": "exit", "action": "fake", "action_id": 3, "greedy": false, "q_values": [1.7513469457626343, 1.635806679725647, 1.779313564300537, 1.6922223567962646, 1.699971079826355]}
{"session_id": "2944b1a81cd3", "command": "uname", "action": "delay", "action_id": 2, "greedy": true, "q_values": [2.586473226547241, 2.9652814865112305, 3.029845714569092, 2.6913397312164307, 2.767624616622925]}
{"session_id": "2944b1a81cd3", "command": "exit", "action": "delay", "action_id": 2, "greedy": true, "q_values": [1.7513469457626343, 1.635806679725647, 1.779313564300537, 1.6922223567962646, 1.699971079826355]}
{"session_id": "818de5407b04", "command": "wget http://example.com/file.txt", "action": "block", "action_id": 1, "greedy": true, "q_values": [2.7957470417022705, 3.2170276641845703, 2.9227871894836426, 2.6890854835510254, 3.0196828842163086]}
{"session_id": "040acfbdf12e", "command": "piftrdf", "action": "insult", "action_id": 4, "greedy": false, "q_values": [1.6889891624450684, 1.7544841766357422, 1.976699948310852, 1.9563722610473633, 1.7201770544052124]}
{"session_id": "040acfbdf12e", "command": "exit", "action": "insult", "action_id": 4, "greedy": false, "q_values": [1.7513469457626343, 1.635806679725647, 1.779313564300537, 1.6922223567962646, 1.699971079826355]}
{"session_id": "5abc91541511", "command": "piftrdf", "action": "fake", "action_id": 3, "greedy": false, "q_values": [1.6889891624450684, 1.7544841766357422, 1.976699948310852, 1.9563722610473633, 1.7201770544052124]}
{"session_id": "5abc91541511", "command": "exit", "action": "fake", "action_id": 3, "greedy": false, "q_values": [1.7513469457626343, 1.635806679725647, 1.779313564300537, 1.6922223567962646, 1.699971079826355]}
{"session_id": "5f5e19207bf7", "command": "df -h", "action": "allow", "action_id": 0, "greedy": false, "q_values": [2.9561927318573, 3.107999801635742, 3.082230806350708, 2.693551778793335, 3.165512800216675]}
{"session_id": "5f5e19207bf7", "command": "exit", "action": "insult", "action_id": 4, "greedy": false, "q_values": [1.7513469457626343, 1.635806679725647, 1.779313564300537, 1.6922223567962646, 1.699971079826355]}
{"session_id": "20827701c877", "command": "uname -v", "action": "allow", "action_id": 0, "greedy": false, "q_values": [2.586473226547241, 2.9652814865112305, 3.029845714569092, 2.6913397312164307, 2.767624616622925]}
{"session_id": "20827701c877", "command": "exit", "action": "insult", "action_id": 4, "greedy": false, "q_values": [1.7513469457626343, 1.635806679725647, 1.779313564300537, 1.6922223567962646, 1.699971079826355]}
{"session_id": "e7fc31982eda", "command": "df", "action": "allow", "action_id": 0, "greedy": false, "q_values": [2.9561927318573, 3.107999801635742, 3.082230806350708, 2.693551778793335, 3.165512800216675]}
{"session_id": "e7fc31982eda", "command": "exit", "action": "delay", "action_id": 2, "greedy": false, "q_values": [1.7513469457626343, 1.635806679725647, 1.779313564300537, 1.6922223567962646, 1.699971079826355]}
{"session_id": "0e721bafd540", "command": "cd /", "action": "fake", "action_id": 3, "greedy": false, "q_values": [2.823103904724121, 3.024502754211426, 3.2528183460235596, 2.2731337547302246, 2.9345526695251465]}
{"session_id": "0e721bafd540", "command": "exit", "action": "delay", "action_id": 2, "greedy": false, "q_values": [1.7513469457626343, 1.635806679725647, 1.779313564300537, 1.6922223567962646, 1.699971079826355]}
{"session_id": "8939bb3a6174", "command": "unme -a", "action": "block", "action_id": 1, "greedy": false, "q_values": [1.6889891624450684, 1.7544841766357422, 1.976699948310852, 1.9563722610473633, 1.7201770544052124]}
{"session_id": "8939bb3a6174", "command": "exit", "action": "block", "action_id": 1, "greedy": false, "q_values": [1.7513469457626343, 1.635806679725647, 1.779313564300537, 1.6922223567962646, 1.699971079826355]}
{"session_id": "899c0f2c19f7", "command": "free --kilo", "action": "allow", "action_id": 0, "greedy": false, "q_values": [2.879413366317749, 2.804079055786133, 3.1470134258270264, 2.632207155227661, 2.8958466053009033]}
{"session_id": "899c0f2c19f7", "command": "exit", "action": "delay", "action_id": 2, "greedy": false, "q_values": [1.7513469457626343, 1.635806679725647, 1.779313564300537, 1.6922223567962646, 1.699971079826355]}
{"session_id": "b0bd557dd950", "command": "df", "action": "insult", "action_id": 4, "greedy": false, "q_values": [2.9561927318573, 3.107999801635742, 3.082230806350708, 2.693551778793335, 3.165512800216675]}
{"session_id": "b0bd557dd950", "command": "exit", "action": "block", "action_id": 1, "greedy": false, "q_values": [1.7513469457626343, 1.635806679725647, 1.779313564300537, 1.6922223567962646, 1.699971079826355]}
{"session_id": "2723f3947678", "command": "free --help", "action": "delay", "action_id": 2, "greedy": true, "q_values": [2.879413366317749, 2.804079055786133, 3.1470134258270264, 2.632207155227661, 2.8958466053009033]}
{"session_id": "2723f3947678", "command": "exit", "action": "fake", "action_id": 3, "greedy": false, "q_values": [1.7513469457626343, 1.635806679725647, 1.779313564300537, 1.6922223567962646, 1.699971079826355]}
{"session_id": "278db99aad05", "command": "df", "action": "delay", "action_id": 2, "greedy": false, "q_values": [2.9561927318573, 3.107999801635742, 3.082230806350708, 2.693551778793335, 3.165512800216675]}
{"session_id": "278db99aad05", "command": "exit", "action": "block", "action_id": 1, "greedy": false, "q_values": [1.7513469457626343, 1.635806679725647, 1.779313564300537, 1.6922223567962646, 1.699971079826355]}
{"session_id": "181471d6de68", "command": "ls -a", "action": "block", "action_id": 1, "greedy": false, "q_values": [3.1115355491638184, 3.0982704162597656, 2.8342392444610596, 2.1196787357330322, 2.137131690979004]}
{"session_id": "181471d6de68", "command": "exit", "action": "fake", "action_id": 3, "greedy": false, "q_values": [1.7513469457626343, 1.635806679725647, 1.779313564300537, 1.6922223567962646, 1.699971079826355]}
{"session_id": "6c29ea57c689", "command": "free --help", "action": "delay", "action_id": 2, "greedy": true, "q_values": [2.879413366317749, 2.804079055786133, 3.1470134258270264, 2.632207155227661, 2.8958466053009033]}
{"session_id": "6c29ea57c689", "command": "exit", "action": "insult", "action_id": 4, "greedy": false, "q_values": [1.7513469457626343, 1.635806679725647, 1.779313564300537, 1.6922223567962646, 1.699971079826355]}
{"session_id": "3c882a3e1c7f", "command": "cd ~", "action": "delay", "action_id": 2, "greedy": true, "q_values": [2.823103904724121, 3.024502754211426, 3.2528183460235596, 2.2731337547302246, 2.9345526695251465]}
{"session_id": "3c882a3e1c7f", "command": "exit", "action": "fake", "action_id": 3, "greedy": false, "q_values": [1.7513469457626343, 1.635806679725647, 1.779313564300537, 1.6922223567962646, 1.699971079826355]}
{"session_id": "3a6601cd1900", "command": "wget http://example.com/file.txt", "action": "fake", "action_id": 3, "greedy": false, "q_values": [2.7957470417022705, 3.2170276641845703, 2.9227871894836426, 2.6890854835510254, 3.0196828842163086]}
{"session_id": "65a230f79ff5", "command": "wget http://example.com/file.txt", "action": "block", "action_id": 1, "greedy": false, "q_values": [2.7957470417022705, 3.2170276641845703, 2.9227871894836426, 2.6890854835510254, 3.0196828842163086]}
{"session_id": "65a230f79ff5", "command": "exit", "action": "allow", "action_id": 0, "greedy": false, "q_values": [1.7513469457626343, 1.635806679725647, 1.779313564300537, 1.6922223567962646, 1.699971079826355]}
{"session_id": "dea050b3abe4", "command": "free --kilo", "action": "block", "action_id": 1, "greedy": false, "q_values": [2.879413366317749, 2.804079055786133, 3.1470134258270264, 2.632207155227661, 2.8958466053009033]}
{"session_id": "dea050b3abe4", "command": "exit", "action": "fake", "action_id": 3, "greedy": false, "q_values": [1.7513469457626343, 1.635806679725647, 1.779313564300537, 1.6922223567962646, 1.699971079826355]}
{"session_id": "edf4fdd2a803", "command": "uname -v", "action": "delay", "action_id": 2, "greedy": true, "q_values": [2.586473226547241, 2.9652814865112305, 3.029845714569092, 2.6913397312164307, 2.767624616622925]}
{"session_id": "edf4fdd2a803", "command": "exit", "action": "block", "action_id": 1, "greedy": false, "q_values": [1.7513469457626343, 1.635806679725647, 1.779313564300537, 1.6922223567962646, 1.699971079826355]}
{"session_id": "bb511912a85b", "command": "fre", "action": "fake", "action_id": 3, "greedy": false, "q_values": [1.6889891624450684, 1.7544841766357422, 1.976699948310852, 1.9563722610473633, 1.7201770544052124]}
{"session_id": "bb511912a85b", "command": "exit", "action": "block", "action_id": 1, "greedy": false, "q_values": [1.7513469457626343, 1.635806679725647, 1.779313564300537, 1.6922223567962646, 1.699971079826355]}
{"session_id": "aa1926e545fb", "command": "wget http://example.com/file.txt", "action": "block", "action_id": 1, "greedy": false, "q_values": [2.7957470417022705, 3.2170276641845703, 2.9227871894836426, 2.6890854835510254, 3.0196828842163086]}
{"session_id": "aa1926e545fb", "command": "exit", "action": "fake", "action_id": 3, "greedy": false, "q_values": [1.7513469457626343, 1.635806679725647, 1.779313564300537, 1.6922223567962646, 1.699971079826355]}
{"session_id": "e8e1d65f8c54", "command": "wget http://example.com/file.txt", "action": "block", "action_id": 1, "greedy": false, "q_values": [2.7957470417022705, 3.2170276641845703, 2.9227871894836426, 2.6890854835510254, 3.0196828842163086]}
{"session_id": "e8e1d65f8c54", "command": "exit", "action": "insult", "action_id": 4, "greedy": false, "q_values": [1.7513469457626343, 1.635806679725647, 1.779313564300537, 1.6922223567962646, 1.699971079826355]}
{"session_id": "e97c017f05da", "command": "ls -r", "action": "fake", "action_id": 3, "greedy": false, "q_values": [3.1115355491638184, 3.0982704162597656, 2.8342392444610596, 2.1196787357330322, 2.137131690979004]}
{"session_id": "e97c017f05da", "command": "exit", "action": "allow", "action_id": 0, "greedy": false, "q_values": [1.7513469457626343, 1.635806679725647, 1.779313564300537, 1.6922223567962646, 1.699971079826355]}
{"session_id": "95acfdac7fc9", "command": "free -h", "action": "block", "action_id": 1, "greedy": false, "q_values": [2.879413366317749, 2.804079055786133, 3.1470134258270264, 2.632207155227661, 2.8958466053009033]}
{"session_id": "95acfdac7fc9", "command": "exit", "action": "delay", "action_id": 2, "greedy": true, "q_values": [1.7513469457626343, 1.635806679725647, 1.779313564300537, 1.6922223567962646, 1.699971079826355]}
{"session_id": "e828bc5c6e68", "command": "df --all", "action": "delay", "action_id": 2, "greedy": false, "q_values": [2.9561927318573, 3.107999801635742, 3.082230806350708, 2.693551778793335, 3.165512800216675]}
{"session_id": "e828bc5c6e68", "command": "exit", "action": "delay", "action_id": 2, "greedy": false, "q_values": [1.7513469457626343, 1.635806679725647, 1.779313564300537, 1.6922223567962646, 1.699971079826355]}
{"session_id": "12b73d920ae0", "command": "df -a", "action": "insult", "action_id": 4, "greedy": true, "q_values": [2.9561927318573, 3.107999801635742, 3.082230806350708, 2.693551778793335, 3.165512800216675]}
{"session_id": "12b73d920ae0", "command": "exit", "action": "delay", "action_id": 2, "greedy": false, "q_values": [1.7513469457626343, 1.635806679725647, 1.779313564300537, 1.6922223567962646, 1.699971079826355]}
{"session_id": "b4904e3deb61", "command": "free --kilo", "action": "delay", "action_id": 2, "greedy": true, "q_values": [2.879413366317749, 2.804079055786133, 3.1470134258270264, 2.632207155227661, 2.8958466053009033]}
{"session_id": "b4904e3deb61", "command": "exit", "action": "allow", "action_id": 0, "greedy": false, "q_values": [1.7513469457626343, 1.635806679725647, 1.779313564300537, 1.6922223567962646, 1.699971079826355]}
{"session_id": "9a6baf5d5222", "command": "free", "action": "delay", "action_id": 2, "greedy": false, "q_values": [2.879413366317749, 2.804079055786133, 3.1470134258270264, 2.632207155227661, 2.8958466053009033]}
{"session_id": "9a6baf5d5222", "command": "exit", "action": "insult", "action_id": 4, "greedy": false, "q_values": [1.7513469457626343, 1.635806679725647, 1.779313564300537, 1.6922223567962646, 1.699971079826355]}
{"session_id": "0943033ae608", "command": "unme -a", "action": "fake", "action_id": 3, "greedy": false, "q_values": [1.6889891624450684, 1.7544841766357422, 1.976699948310852, 1.9563722610473633, 1.7201770544052124]}
{"session_id": "0943033ae608", "command": "exit", "action": "fake", "action_id": 3, "greedy": false, "q_values": [1.7513469457626343, 1.635806679725647, 1.779313564300537, 1.6922223567962646, 1.699971079826355]}
{"session_id": "fec960b7c12e", "command": "free -h", "action": "insult", "action_id": 4, "greedy": false, "q_values": [2.879413366317749, 2.804079055786133, 3.1470134258270264, 2.632207155227661, 2.8958466053009033]}
{"session_id": "fec960b7c12e", "command": "exit", "action": "block", "action_id": 1, "greedy": false, "q_values": [1.7513469457626343, 1.635806679725647, 1.779313564300537, 1.6922223567962646, 1.699971079826355]}
{"session_id": "da7316a78dfb", "command": "wget http://example.com/file.txt -O file.txt", "action": "fake", "action_id": 3, "greedy": false, "q_values": [2.7957470417022705, 3.2170276641845703, 2.9227871894836426, 2.6890854835510254, 3.0196828842163086]}
{"session_id": "da7316a78dfb", "command": "exit", "action": "insult", "action_id": 4, "greedy": false, "q_values": [1.7513469457626343, 1.635806679725647, 1.779313564300537, 1.6922223567962646, 1.699971079826355]}
{"session_id": "9c6863a5a25c", "command": "wget http://example.com/file.txt", "action": "block", "action_id": 1, "greedy": true, "q_values": [2.7957470417022705, 3.2170276641845703, 2.9227871894836426, 2.6890854835510254, 3.0196828842163086]}
{"session_id": "9c6863a5a25c", "command": "exit", "action": "allow", "action_id": 0, "greedy": false, "q_values": [1.7513469457626343, 1.635806679725647, 1.779313564300537, 1.6922223567962646, 1.699971079826355]}
{"session_id": "764ec95c482d", "command": "wget http://example.com/file.txt", "action": "fake", "action_id": 3, "greedy": false, "q_values": [2.7957470417022705, 3.2170276641845703, 2.9227871894836426, 2.6890854835510254, 3.0196828842163086]}
{"session_id": "764ec95c482d", "command": "exit", "action": "allow", "action_id": 0, "greedy": false, "q_values": [1.7513469457626343, 1.635806679725647, 1.779313564300537, 1.6922223567962646, 1.699971079826355]}
{"session_id": "4da28fd49390", "command": "ls -a", "action": "fake", "action_id": 3, "greedy": false, "q_values": [3.1115355491638184, 3.0982704162597656, 2.8342392444610596, 2.1196787357330322, 2.137131690979004]}
{"session_id": "4da28fd49390", "command": "exit", "action": "allow", "action_id": 0, "greedy": false, "q_values": [1.7513469457626343, 1.635806679725647, 1.779313564300537, 1.6922223567962646, 1.699971079826355]}
{"session_id": "390c0dd4deb6", "command": "uname", "action": "delay", "action_id": 2, "greedy": true, "q_values": [2.586473226547241, 2.9652814865112305, 3.029845714569092, 2.6913397312164307, 2.767624616622925]}
{"session_id": "390c0dd4deb6", "command": "exit", "action": "insult", "action_id": 4, "greedy": false, "q_values": [1.7513469457626343, 1.635806679725647, 1.779313564300537, 1.6922223567962646, 1.699971079826355]}
{"session_id": "581fa0395565", "command": "cd /var", "action": "allow", "action_id": 0, "greedy": false, "q_values": [2.823103904724121, 3.024502754211426, 3.2528183460235596, 2.2731337547302246, 2.9345526695251465]}
{"session_id": "581fa0395565", "command": "exit", "action": "delay", "action_id": 2, "greedy": false, "q_values": [1.7513469457626343, 1.635806679725647, 1.779313564300537, 1.6922223567962646, 1.699971079826355]}
{"session_id": "cb1893aa349e", "command": "ls -l", "action": "allow", "action_id": 0, "greedy": true, "q_values": [3.1115355491638184, 3.0982704162597656, 2.8342392444610596, 2.1196787357330322, 2.137131690979004]}
{"session_id": "cb1893aa349e", "command": "exit", "action": "allow", "action_id": 0, "greedy": false, "q_values": [1.7513469457626343, 1.635806679725647, 1.779313564300537, 1.6922223567962646, 1.699971079826355]}
{"session_id": "0c2e7d3f1104", "command": "uname -a", "action": "delay", "action_id": 2, "greedy": false, "q_values": [2.586473226547241, 2.9652814865112305, 3.029845714569092, 2.6913397312164307, 2.767624616622925]}
{"session_id": "0c2e7d3f1104", "command": "exit", "action": "insult", "action_id": 4, "greedy": false, "q_values": [1.7513469457626343, 1.635806679725647, 1.779313564300537, 1.6922223567962646, 1.699971079826355]}
{"session_id": "c59339077706", "command": "piftrdf", "action": "allow", "action_id": 0, "greedy": false, "q_values": [1.6889891624450684, 1.7544841766357422, 1.976699948310852, 1.9563722610473633, 1.7201770544052124]}
{"session_id": "c59339077706", "command": "exit", "action": "allow", "action_id": 0, "greedy": false, "q_values": [1.7513469457626343, 1.635806679725647, 1.779313564300537, 1.6922223567962646, 1.699971079826355]}
{"session_id": "3ceb5584936c", "command": "piftrdf", "action": "fake", "action_id": 3, "greedy": false, "q_values": [1.6889891624450684, 1.7544841766357422, 1.976699948310852, 1.9563722610473633, 1.7201770544052124]}
{"session_id": "3ceb5584936c", "command": "exit", "action": "delay", "action_id": 2, "greedy": true, "q_values": [1.7513469457626343, 1.635806679725647, 1.779313564300537, 1.6922223567962646, 1.699971079826355]}
{"session_id": "e0eb65e9d594", "command": "df", "action": "insult", "action_id": 4, "greedy": false, "q_values": [2.9561927318573, 3.107999801635742, 3.082230806350708, 2.693551778793335, 3.165512800216675]}
{"session_id": "e0eb65e9d594", "command": "exit", "action": "block", "action_id": 1, "greedy": false, "q_values": [1.7513469457626343, 1.635806679725647, 1.779313564300537, 1.6922223567962646, 1.699971079826355]}
{"session_id": "c18ff8019a5c", "command": "uname -v", "action": "fake", "action_id": 3, "greedy": false, "q_values": [2.586473226547241, 2.9652814865112305, 3.029845714569092, 2.6913397312164307, 2.767624616622925]}
{"session_id": "c18ff8019a5c", "command": "exit", "action": "fake", "action_id": 3, "greedy": false, "q_values": [1.7513469457626343, 1.635806679725647, 1.779313564300537, 1.6922223567962646, 1.699971079826355]}
{"session_id": "e2379a175c3f", "command": "df -h", "action": "block", "action_id": 1, "greedy": false, "q_values": [2.9561927318573, 3.107999801635742, 3.082230806350708, 2.693551778793335, 3.165512800216675]}
{"session_id": "e2379a175c3f", "command": "exit", "action": "delay", "action_id": 2, "greedy": true, "q_values": [1.7513469457626343, 1.635806679725647, 1.779313564300537, 1.6922223567962646, 1.699971079826355]}
{"session_id": "d097b5b69dd5", "command": "ls -a", "action": "block", "action_id": 1, "greedy": false, "q_values": [3.1115355491638184, 3.0982704162597656, 2.8342392444610596, 2.1196787357330322, 2.137131690979004]}
{"session_id": "d097b5b69dd5", "command": "exit", "action": "delay", "action_id": 2, "greedy": true, "q_values": [1.7513469457626343, 1.635806679725647, 1.779313564300537, 1.6922223567962646, 1.699971079826355]}
{"session_id": "0480de21180e", "command": "cd /", "action": "delay", "action_id": 2, "greedy": false, "q_values": [2.823103904724121, 3.024502754211426, 3.2528183460235596, 2.2731337547302246, 2.9345526695251465]}
{"session_id": "0480de21180e", "command": "exit", "action": "delay", "action_id": 2, "greedy": false, "q_values": [1.7513469457626343, 1.635806679725647, 1.779313564300537, 1.6922223567962646, 1.699971079826355]}
{"session_id": "7195dfc76642", "command": "cd ..", "action": "block", "action_id": 1, "greedy": false, "q_values": [2.823103904724121, 3.024502754211426, 3.2528183460235596, 2.2731337547302246, 2.9345526695251465]}
{"session_id": "7195dfc76642", "command": "exit", "action": "delay", "action_id": 2, "greedy": false, "q_values": [1.7513469457626343, 1.635806679725647, 1.779313564300537, 1.6922223567962646, 1.699971079826355]}
{"session_id": "41f456e85b97", "command": "cd ..", "action": "delay", "action_id": 2, "greedy": true, "q_values": [2.823103904724121, 3.024502754211426, 3.2528183460235596, 2.2731337547302246, 2.9345526695251465]}
{"session_id": "41f456e85b97", "command": "exit", "action": "delay", "action_id": 2, "greedy": false, "q_values": [1.7513469457626343, 1.635806679725647, 1.779313564300537, 1.6922223567962646, 1.699971079826355]}
{"session_id": "fad35db13e34", "command": "df --all", "action": "insult", "action_id": 4, "greedy": true, "q_values": [2.9561927318573, 3.107999801635742, 3.082230806350708, 2.693551778793335, 3.165512800216675]}
{"session_id": "fad35db13e34", "command": "exit", "action": "delay", "action_id": 2, "greedy": false, "q_values": [1.7513469457626343, 1.635806679725647, 1.779313564300537, 1.6922223567962646, 1.699971079826355]}
{"session_id": "4a7c603e44f2", "command": "wget http://example.com/file.txt", "action": "block", "action_id": 1, "greedy": false, "q_values": [2.7957470417022705, 3.2170276641845703, 2.9227871894836426, 2.6890854835510254, 3.0196828842163086]}
{"session_id": "f5cef5a52155", "command": "df -h", "action": "insult", "action_id": 4, "greedy": false, "q_values": [2.9561927318573, 3.107999801635742, 3.082230806350708, 2.693551778793335, 3.165512800216675]}
{"session_id": "f5cef5a52155", "command": "exit", "action": "delay", "action_id": 2, "greedy": false, "q_values": [1.7513469457626343, 1.635806679725647, 1.779313564300537, 1.6922223567962646, 1.699971079826355]}
{"session_id": "74cb381da9bb", "command": "fre", "action": "allow", "action_id": 0, "greedy": false, "q_values": [1.6889891624450684, 1.7544841766357422, 1.976699948310852, 1.9563722610473633, 1.7201770544052124]}
{"session_id": "5a81e031af0d", "command": "piftrdf", "action": "delay", "action_id": 2, "greedy": true, "q_values": [1.6889891624450684, 1.7544841766357422, 1.976699948310852, 1.9563722610473633, 1.7201770544052124]}
{"session_id": "5a81e031af0d", "command": "exit", "action": "delay", "action_id": 2, "greedy": true, "q_values": [1.7513469457626343, 1.635806679725647, 1.779313564300537, 1.6922223567962646, 1.699971079826355]}
{"session_id": "10af30aed185", "command": "ls -a", "action": "allow", "action_id": 0, "greedy": false, "q_values": [3.1115355491638184, 3.0982704162597656, 2.8342392444610596, 2.1196787357330322, 2.137131690979004]}
{"session_id": "10af30aed185", "command": "exit", "action": "block", "action_id": 1, "greedy": false, "q_values": [1.7513469457626343, 1.635806679725647, 1.779313564300537, 1.6922223567962646, 1.699971079826355]}
{"session_id": "834b2411ca34", "command": "cd ..", "action": "allow", "action_id": 0, "greedy": false, "q_values": [2.823103904724121, 3.024502754211426, 3.2528183460235596, 2.2731337547302246, 2.9345526695251465]}
{"session_id": "834b2411ca34", "command": "exit", "action": "delay", "action_id": 2, "greedy": true, "q_values": [1.7513469457626343, 1.635806679725647, 1.779313564300537, 1.6922223567962646, 1.699971079826355]}
{"event": "policy_update", "episode": 64, "total_updates": 1, "loss": 0.31897619366645813}
{"session_id": "e326e0df2f06", "command": "ls", "action": "insult", "action_id": 4, "greedy": false, "q_values": [3.6761746406555176, 3.3857569694519043, 3.006192207336426, 2.6939659118652344, 2.226928472518921]}
{"session_id": "e326e0df2f06", "command": "exit", "action": "fake", "action_id": 3, "greedy": false, "q_values": [1.9064637422561646, 1.5573474168777466, 1.6938307285308838, 1.819230556488037, 1.6232593059539795]}
{"session_id": "d0d4ca7c82bb", "command": "uname -a", "action": "delay", "action_id": 2, "greedy": true, "q_values": [3.109616279602051, 3.2041358947753906, 3.312567710876465, 3.2711589336395264, 2.888375759124756]}
{"session_id": "d0d4ca7c82bb", "command": "exit", "action": "insult", "action_id": 4, "greedy": false, "q_values": [1.9064637422561646, 1.5573474168777466, 1.6938307285308838, 1.819230556488037, 1.6232593059539795]}
{"session_id": "fb96e8fb133a", "command": "free --kilo", "action": "fake", "action_id": 3, "greedy": false, "q_values": [3.022275924682617, 2.732330799102783, 2.880901336669922, 2.8234925270080566, 2.757519245147705]}
{"session_id": "fb96e8fb133a", "command": "exit", "action": "block", "action_id": 1, "greedy": false, "q_values": [1.9064637422561646, 1.5573474168777466, 1.6938307285308838, 1.819230556488037, 1.6232593059539795]}
{"session_id": "f932ad5b414c", "command": "ls", "action": "block", "action_id": 1, "greedy": false, "q_values": [3.6761746406555176, 3.3857569694519043, 3.006192207336426, 2.6939659118652344, 2.226928472518921]}
{"session_id": "f932ad5b414c", "command": "exit", "action": "fake", "action_id": 3, "greedy": false, "q_values": [1.9064637422561646, 1.5573474168777466, 1.6938307285308838, 1.819230556488037, 1.6232593059539795]}
{"session_id": "1815e48df107", "command": "wget http://example.com/file.txt", "action": "insult", "action_id": 4, "greedy": false, "q_values": [2.9014735221862793, 2.7314558029174805, 2.6324753761291504, 2.8471806049346924, 2.6961379051208496]}
{"session_id": "1e9c2a5d9ffa", "command": "df -h", "action": "delay", "action_id": 2, "greedy": false, "q_values": [3.2240242958068848, 2.9710850715637207, 2.9309871196746826, 2.99851655960083, 2.90156888961792]}
{"session_id": "1e9c2a5d9ffa", "command": "exit", "action": "allow", "action_id": 0, "greedy": true, "q_values": [1.9064637422561646, 1.5573474168777466, 1.6938307285308838, 1.819230556488037, 1.6232593059539795]}
{"session_id": "350b0c9f1e6a", "command": "free", "action": "allow", "action_id": 0, "greedy": true, "q_values": [3.022275924682617, 2.732330799102783, 2.880901336669922, 2.8234925270080566, 2.757519245147705]}
{"session_id": "350b0c9f1e6a", "command": "exit", "action": "allow", "action_id": 0, "greedy": true, "q_values": [1.9064637422561646, 1.5573474168777466, 1.6938307285308838, 1.819230556488037, 1.6232593059539795]}
{"session_id": "95675b19ffa9", "command": "cd /var", "action": "delay", "action_id": 2, "greedy": false, "q_values": [2.9914779663085938, 2.663158416748047, 2.8321726322174072, 2.479519844055176, 2.594196319580078]}
{"session_id": "95675b19ffa9", "command": "exit", "action": "delay", "action_id": 2, "greedy": false, "q_values": [1.9064637422561646, 1.5573474168777466, 1.6938307285308838, 1.819230556488037, 1.6232593059539795]}
{"session_id": "35b2231a8b69", "command": "cd /", "action": "insult", "action_id": 4, "greedy": false, "q_values": [2.9914779663085938, 2.663158416748047, 2.8321726322174072, 2.479519844055176, 2.594196319580078]}
{"session_id": "35b2231a8b69", "command": "exit", "action": "fake", "action_id": 3, "greedy": false, "q_values": [1.9064637422561646, 1.5573474168777466, 1.6938307285308838, 1.819230556488037, 1.6232593059539795]}
{"session_id": "271ffeb9af47", "command": "cd /", "action": "fake", "action_id": 3, "greedy": false, "q_values": [2.9914779663085938, 2.663158416748047, 2.8321726322174072, 2.479519844055176, 2.594196319580078]}
{"session_id": "271ffeb9af47", "command": "exit", "action": "fake", "action_id": 3, "greedy": false, "q_values": [1.9064637422561646, 1.5573474168777466, 1.6938307285308838, 1.819230556488037, 1.6232593059539795]}
{"session_id": "97c1df866377", "command": "lsqw", "action": "fake", "action_id": 3, "greedy": true, "q_values": [2.960390090942383, 2.8960938453674316, 3.129620313644409, 3.5301313400268555, 2.838120460510254]}
{"session_id": "97c1df866377", "command": "exit", "action": "allow", "action_id": 0, "greedy": true, "q_values": [1.9064637422561646, 1.5573474168777466, 1.6938307285308838, 1.819230556488037, 1.6232593059539795]}
{"session_id": "499504c22568", "command": "free --help", "action": "delay", "action_id": 2, "greedy": false, "q_values": [3.022275924682617, 2.732330799102783, 2.880901336669922, 2.8234925270080566, 2.757519245147705]}
{"session_id": "499504c22568", "command": "exit", "action": "fake", "action_id": 3, "greedy": false, "q_values": [1.9064637422561646, 1.5573474168777466, 1.6938307285308838, 1.819230556488037, 1.6232593059539795]}
{"session_id": "609cc346815f", "command": "uname -v", "action": "delay", "action_id": 2, "greedy": true, "q_values": [3.109616279602051, 3.2041358947753906, 3.312567710876465, 3.2711589336395264, 2.888375759124756]}
{"session_id": "609cc346815f", "command": "exit", "action": "delay", "action_id": 2, "greedy": false, "q_values": [1.9064637422561646, 1.5573474168777466, 1.6938307285308838, 1.819230556488037, 1.6232593059539795]}
{"session_id": "01e32476de71", "command": "ls -l", "action": "allow", "action_id": 0, "greedy": false, "q_values": [3.6761746406555176, 3.3857569694519043, 3.006192207336426, 2.6939659118652344, 2.226928472518921]}
{"session_id": "01e32476de71", "command": "exit", "action": "fake", "action_id": 3, "greedy": false, "q_values": [1.9064637422561646, 1.5573474168777466, 1.6938307285308838, 1.819230556488037, 1.6232593059539795]}
{"session_id": "22bfa73fb077", "command": "wget http://example.com/file.txt -O file.txt", "action": "allow", "action_id": 0, "greedy": true, "q_values": [2.9014735221862793, 2.7314558029174805, 2.6324753761291504, 2.8471806049346924, 2.6961379051208496]}
{"session_id": "2bf192cf45b7", "command": "wget http://example.com/file.txt", "action": "allow", "action_id": 0, "greedy": false, "q_values": [2.9014735221862793, 2.7314558029174805, 2.6324753761291504, 2.8471806049346924, 2.6961379051208496]}
{"session_id": "aee5c2161df0", "command": "df -h", "action": "allow", "action_id": 0, "greedy": true, "q_values": [3.2240242958068848, 2.9710850715637207, 2.9309871196746826, 2.99851655960083, 2.90156888961792]}
{"session_id": "aee5c2161df0", "command": "exit", "action": "block", "action_id": 1, "greedy": false, "q_values": [1.9064637422561646, 1.5573474168777466, 1.6938307285308838, 1.819230556488037, 1.6232593059539795]}
{"session_id": "924b40339271", "command": "fre", "action": "allow", "action_id": 0, "greedy": false, "q_values": [2.960390090942383, 2.8960938453674316, 3.129620313644409, 3.5301313400268555, 2.838120460510254]}
{"session_id": "924b40339271", "command": "exit", "action": "allow", "action_id": 0, "greedy": true, "q_values": [1.9064637422561646, 1.5573474168777466, 1.6938307285308838, 1.819230556488037, 1.6232593059539795]}
{"session_id": "fe13ce232fcc", "command": "free --kilo", "action": "fake", "action_id": 3, "greedy": false, "q_values": [3.022275924682617, 2.732330799102783, 2.880901336669922, 2.8234925270080566, 2.757519245147705]}
{"session_id": "fe13ce232fcc", "command": "exit", "action": "insult", "action_id": 4, "greedy": false, "q_values": [1.9064637422561646, 1.5573474168777466, 1.6938307285308838, 1.819230556488037, 1.6232593059539795]}
{"session_id": "c4e5e751eef5", "command": "df -h", "action": "block", "action_id": 1, "greedy": false, "q_values": [3.2240242958068848, 2.9710850715637207, 2.9309871196746826, 2.99851655960083, 2.90156888961792]}
